<?xml version="1.0" encoding="UTF-8" ?>
<testsuite tests="12" failures="0" name="le.cache.bis.services.impl.TestCacheService" time="0.201" errors="0" skipped="0">
  <properties>
    <property name="java.runtime.name" value="Java(TM) SE Runtime Environment"/>
    <property name="sun.boot.library.path" value="C:\Program Files\Java\jdk1.8.0_65\jre\bin"/>
    <property name="java.vm.version" value="25.65-b01"/>
    <property name="java.vm.vendor" value="Oracle Corporation"/>
    <property name="maven.multiModuleProjectDirectory" value="C:\projects\simple-nosql-cache"/>
    <property name="java.vendor.url" value="http://java.oracle.com/"/>
    <property name="path.separator" value=";"/>
    <property name="guice.disable.misplaced.annotation.check" value="true"/>
    <property name="java.vm.name" value="Java HotSpot(TM) 64-Bit Server VM"/>
    <property name="file.encoding.pkg" value="sun.io"/>
    <property name="user.script" value=""/>
    <property name="user.country" value="AU"/>
    <property name="sun.java.launcher" value="SUN_STANDARD"/>
    <property name="sun.os.patch.level" value=""/>
    <property name="java.vm.specification.name" value="Java Virtual Machine Specification"/>
    <property name="user.dir" value="C:\projects\simple-nosql-cache"/>
    <property name="java.runtime.version" value="1.8.0_65-b17"/>
    <property name="java.awt.graphicsenv" value="sun.awt.Win32GraphicsEnvironment"/>
    <property name="java.endorsed.dirs" value="C:\Program Files\Java\jdk1.8.0_65\jre\lib\endorsed"/>
    <property name="os.arch" value="amd64"/>
    <property name="java.io.tmpdir" value="C:\Users\JOSNAL~1\AppData\Local\Temp\"/>
    <property name="line.separator" value="
"/>
    <property name="java.vm.specification.vendor" value="Oracle Corporation"/>
    <property name="user.variant" value=""/>
    <property name="os.name" value="Windows 10"/>
    <property name="classworlds.conf" value="C:\softwares\apache-maven-3.3.3\bin\m2.conf"/>
    <property name="sun.jnu.encoding" value="Cp1252"/>
    <property name="java.library.path" value="C:\Program Files\Java\jdk1.8.0_65\bin;C:\Windows\Sun\Java\bin;C:\Windows\system32;C:\Windows;C:\python27_x64\;C:\Program Files (x86)\Google\Cloud SDK\google-cloud-sdk\bin;C:\ProgramData\Oracle\Java\javapath;C:\python27_x64\;C:\python27_x64\Scripts;C:\Program Files\Java\jdk1.8.0_65\bin;C:\softwares\apache-maven-3.3.3\bin;C:\softwares\curl-7.45.0-win64-mingw\bin;C:\Windows\system32;C:\Windows;C:\Windows\System32\Wbem;C:\Windows\System32\WindowsPowerShell\v1.0\;C:\Program Files (x86)\ATI Technologies\ATI.ACE\Core-Static;C:\Program Files\Git\cmd;C:\Program Files\nodejs\;C:\Program Files (x86)\Google\Cloud SDK\google-cloud-sdk\bin;C:\Program Files (x86)\Skype\Phone\;C:\Program Files (x86)\Gow\bin;C:\Users\josnalyju\AppData\Roaming\npm;;."/>
    <property name="java.specification.name" value="Java Platform API Specification"/>
    <property name="java.class.version" value="52.0"/>
    <property name="sun.management.compiler" value="HotSpot 64-Bit Tiered Compilers"/>
    <property name="os.version" value="10.0"/>
    <property name="user.home" value="C:\Users\josnalyju"/>
    <property name="user.timezone" value="Australia/Sydney"/>
    <property name="java.awt.printerjob" value="sun.awt.windows.WPrinterJob"/>
    <property name="java.specification.version" value="1.8"/>
    <property name="file.encoding" value="Cp1252"/>
    <property name="user.name" value="josnalyju"/>
    <property name="java.class.path" value="C:\softwares\apache-maven-3.3.3\boot\plexus-classworlds-2.5.2.jar"/>
    <property name="java.vm.specification.version" value="1.8"/>
    <property name="sun.arch.data.model" value="64"/>
    <property name="java.home" value="C:\Program Files\Java\jdk1.8.0_65\jre"/>
    <property name="sun.java.command" value="org.codehaus.plexus.classworlds.launcher.Launcher clean package"/>
    <property name="java.specification.vendor" value="Oracle Corporation"/>
    <property name="user.language" value="en"/>
    <property name="awt.toolkit" value="sun.awt.windows.WToolkit"/>
    <property name="java.vm.info" value="mixed mode"/>
    <property name="java.version" value="1.8.0_65"/>
    <property name="java.ext.dirs" value="C:\Program Files\Java\jdk1.8.0_65\jre\lib\ext;C:\Windows\Sun\Java\lib\ext"/>
    <property name="sun.boot.class.path" value="C:\Program Files\Java\jdk1.8.0_65\jre\lib\resources.jar;C:\Program Files\Java\jdk1.8.0_65\jre\lib\rt.jar;C:\Program Files\Java\jdk1.8.0_65\jre\lib\sunrsasign.jar;C:\Program Files\Java\jdk1.8.0_65\jre\lib\jsse.jar;C:\Program Files\Java\jdk1.8.0_65\jre\lib\jce.jar;C:\Program Files\Java\jdk1.8.0_65\jre\lib\charsets.jar;C:\Program Files\Java\jdk1.8.0_65\jre\lib\jfr.jar;C:\Program Files\Java\jdk1.8.0_65\jre\classes"/>
    <property name="sun.stderr.encoding" value="cp850"/>
    <property name="java.vendor" value="Oracle Corporation"/>
    <property name="maven.home" value="C:\softwares\apache-maven-3.3.3"/>
    <property name="file.separator" value="\"/>
    <property name="java.vendor.url.bug" value="http://bugreport.sun.com/bugreport/"/>
    <property name="sun.cpu.endian" value="little"/>
    <property name="sun.io.unicode.encoding" value="UnicodeLittle"/>
    <property name="sun.stdout.encoding" value="cp850"/>
    <property name="sun.desktop" value="windows"/>
    <property name="sun.cpu.isalist" value="amd64"/>
  </properties>
  <testcase classname="le.cache.bis.services.impl.TestCacheService" name="testCachingANewElementAfterIntiallyLoadingAllTheElements" time="0.085"/>
  <testcase classname="le.cache.bis.services.impl.TestCacheService" name="testRemovingAnElementFromCache" time="0.005"/>
  <testcase classname="le.cache.bis.services.impl.TestCacheService" name="testAccessingSnapshotAgainFromCacheServiceAfterReleasingTheSnapshot" time="0.007"/>
  <testcase classname="le.cache.bis.services.impl.TestCacheService" name="testCacheForNormalBehaviour" time="0.03"/>
  <testcase classname="le.cache.bis.services.impl.TestCacheService" name="testCachingANewElementWithoutIntiallyLoadingAllTheElements" time="0.011"/>
  <testcase classname="le.cache.bis.services.impl.TestCacheService" name="testQueryWithPropertiesInEmployeeEntityThatIsLinkedWithMemberEntity" time="0.009"/>
  <testcase classname="le.cache.bis.services.impl.TestCacheService" name="testAccessingElementsFromCacheAfterReleasingTheSnapshot" time="0.005"/>
  <testcase classname="le.cache.bis.services.impl.TestCacheService" name="testCacheForDuplicatesWithPropertQueryExpectingMultipleResults" time="0.008"/>
  <testcase classname="le.cache.bis.services.impl.TestCacheService" name="testCacheForDuplicatesWithQueryExpectingExactlyOneResult" time="0.02"/>
  <testcase classname="le.cache.bis.services.impl.TestCacheService" name="testCaseSensitiveSearch" time="0.006"/>
  <testcase classname="le.cache.bis.services.impl.TestCacheService" name="testUpdatingAnExistingElementInCache" time="0.009"/>
  <testcase classname="le.cache.bis.services.impl.TestCacheService" name="testNonCaseSensitiveSearch" time="0.006"/>
</testsuite>